-------------------------------------------------------------------------------
Test set: com.mitrais.service.test.TestSuite
-------------------------------------------------------------------------------
Tests run: 6, Failures: 0, Errors: 2, Skipped: 0, Time elapsed: 0.031 s <<< FAILURE! - in com.mitrais.service.test.TestSuite
initializationError(com.mitrais.service.test.UpdateTest)  Time elapsed: 0 s  <<< ERROR!
java.lang.NoClassDefFoundError: LEmployeeDAO;
Caused by: java.lang.ClassNotFoundException: EmployeeDAO

initializationError(com.mitrais.service.test.DeleteTest)  Time elapsed: 0 s  <<< ERROR!
java.lang.NoClassDefFoundError: LEmployeeDAO;
Caused by: java.lang.ClassNotFoundException: EmployeeDAO

